
[DUPLICATES] Found 100 duplicate (dataset,eps,budget,lmbda,seed) keys:
  ('CIFAR10', 5.0, 2, 0.9, 0): existing=39.73, new=39.73 — PBM_PLDP_CIFAR10_IID_N_50_T_100_ep_5.0_m2_lmbda_0.9_seed_0_lr_0.001.csv
  ('CIFAR10', 5.0, 1, 1.0, 0): existing=33.00, new=33.00 — PBM_PLDP_CIFAR10_IID_N_50_T_100_ep_5.0_m1_lmbda_1.0_seed_0_lr_0.001.csv
  ('CIFAR10', 5.0, 2, 0.5, 0): existing=43.72, new=43.72 — PBM_PLDP_CIFAR10_IID_N_50_T_100_ep_5.0_m2_lmbda_0.5_seed_0_lr_0.001.csv
  ('CIFAR10', 5.0, 1, 0.9, 0): existing=30.25, new=30.25 — PBM_PLDP_CIFAR10_IID_N_50_T_100_ep_5.0_m1_lmbda_0.9_seed_0_lr_0.001.csv
  ('CIFAR10', 7.0, 2, 0.4, 0): existing=40.41, new=40.41 — PBM_PLDP_CIFAR10_IID_N_50_T_100_ep_7.0_m2_lmbda_0.4_seed_0_lr_0.001.csv
  ('CIFAR10', 7.0, 1, 0.8, 0): existing=27.52, new=27.52 — PBM_PLDP_CIFAR10_IID_N_50_T_100_ep_7.0_m1_lmbda_0.8_seed_0_lr_0.001.csv
  ('CIFAR10', 3.0, 1, 0.6, 42): existing=40.92, new=40.92 — PBM_PLDP_CIFAR10_IID_N_50_T_100_ep_3.0_m1_lmbda_0.6_seed_42_lr_0.001.csv
  ('CIFAR10', 5.0, 2, 0.4, 0): existing=45.01, new=45.01 — PBM_PLDP_CIFAR10_IID_N_50_T_100_ep_5.0_m2_lmbda_0.4_seed_0_lr_0.001.csv
  ('CIFAR10', 3.0, 1, 0.5, 42): existing=42.36, new=42.36 — PBM_PLDP_CIFAR10_IID_N_50_T_100_ep_3.0_m1_lmbda_0.5_seed_42_lr_0.001.csv
  ('CIFAR10', 3.0, 1, 0.6, 42): existing=40.92, new=40.92 — PBM_PLDP_CIFAR10_IID_N_50_T_100_ep_3.0_m1_lmbda_0.6_seed_42_lr_0.001.csv
  ('CIFAR10', 7.0, 1, 0.9, 0): existing=22.97, new=22.97 — PBM_PLDP_CIFAR10_IID_N_50_T_100_ep_7.0_m1_lmbda_0.9_seed_0_lr_0.001.csv
  ('CIFAR10', 5.0, 1, 0.9, 0): existing=30.25, new=30.25 — PBM_PLDP_CIFAR10_IID_N_50_T_100_ep_5.0_m1_lmbda_0.9_seed_0_lr_0.001.csv
  ('CIFAR10', 7.0, 1, 0.9, 0): existing=22.97, new=22.97 — PBM_PLDP_CIFAR10_IID_N_50_T_100_ep_7.0_m1_lmbda_0.9_seed_0_lr_0.001.csv
  ('CIFAR10', 7.0, 1, 0.4, 0): existing=18.49, new=18.49 — PBM_PLDP_CIFAR10_IID_N_50_T_100_ep_7.0_m1_lmbda_0.4_seed_0_lr_0.001.csv
  ('CIFAR10', 5.0, 1, 0.3, 0): existing=26.74, new=26.74 — PBM_PLDP_CIFAR10_IID_N_50_T_100_ep_5.0_m1_lmbda_0.3_seed_0_lr_0.001.csv
  ('CIFAR10', 5.0, 2, 0.5, 0): existing=43.72, new=43.72 — PBM_PLDP_CIFAR10_IID_N_50_T_100_ep_5.0_m2_lmbda_0.5_seed_0_lr_0.001.csv
  ('CIFAR10', 5.0, 1, 0.2, 0): existing=17.58, new=17.58 — PBM_PLDP_CIFAR10_IID_N_50_T_100_ep_5.0_m1_lmbda_0.2_seed_0_lr_0.001.csv
  ('CIFAR10', 7.0, 1, 0.4, 0): existing=18.49, new=18.49 — PBM_PLDP_CIFAR10_IID_N_50_T_100_ep_7.0_m1_lmbda_0.4_seed_0_lr_0.001.csv
  ('CIFAR10', 5.0, 2, 0.7, 0): existing=40.12, new=40.12 — PBM_PLDP_CIFAR10_IID_N_50_T_100_ep_5.0_m2_lmbda_0.7_seed_0_lr_0.001.csv
  ('CIFAR10', 3.0, 1, 0.9, 42): existing=35.97, new=35.97 — PBM_PLDP_CIFAR10_IID_N_50_T_100_ep_3.0_m1_lmbda_0.9_seed_42_lr_0.001.csv
  ... and 80 more

================================================================================
Dataset: CIFAR10
================================================================================

--- Budget = 1 ---
 Epsilon |  Lambda |  Avg Acc |  Std Acc | Seeds present
--------------------------------------------------------
     1.0 |     0.1 |    16.37 |   5.8100 | [0, 42]  [MISSING seeds: [100, 1234, 5678]]
     1.0 |     0.2 |    41.84 |   0.5350 | [0, 42]  [MISSING seeds: [100, 1234, 5678]]
     1.0 |     0.3 |    29.71 |   1.8550 | [0, 42]  [MISSING seeds: [100, 1234, 5678]]
     1.0 |     0.4 |    23.19 |   1.3400 | [0, 42]  [MISSING seeds: [100, 1234, 5678]]
     1.0 |     0.5 |    22.75 |   0.1950 | [0, 42]  [MISSING seeds: [100, 1234, 5678]]
     1.0 |     0.6 |    15.84 |   1.0150 | [0, 42]  [MISSING seeds: [100, 1234, 5678]]
     1.0 |     0.7 |    16.56 |   0.7200 | [0, 42]  [MISSING seeds: [100, 1234, 5678]]
     1.0 |     0.8 |    13.71 |   0.6950 | [0, 42]  [MISSING seeds: [100, 1234, 5678]]
     1.0 |     0.9 |    14.09 |   0.4550 | [0, 42]  [MISSING seeds: [100, 1234, 5678]]
     1.0 |     1.0 |    13.49 |   0.7800 | [0, 42]  [MISSING seeds: [100, 1234, 5678]]
     3.0 |     0.1 |    10.96 |   0.8550 | [0, 42]  [MISSING seeds: [100, 1234, 5678]]
     3.0 |     0.2 |    26.59 |  13.4850 | [0, 42]  [MISSING seeds: [100, 1234, 5678]]
     3.0 |     0.3 |    42.28 |   1.2850 | [0, 42]  [MISSING seeds: [100, 1234, 5678]]
     3.0 |     0.4 |    43.86 |   0.7400 | [0, 42]  [MISSING seeds: [100, 1234, 5678]]
     3.0 |     0.5 |    42.82 |   0.4600 | [0, 42]  [MISSING seeds: [100, 1234, 5678]]
     3.0 |     0.6 |    40.49 |   0.4300 | [0, 42]  [MISSING seeds: [100, 1234, 5678]]
     3.0 |     0.7 |    39.72 |   0.3350 | [0, 42]  [MISSING seeds: [100, 1234, 5678]]
     3.0 |     0.8 |    36.76 |   0.4150 | [0, 42]  [MISSING seeds: [100, 1234, 5678]]
     3.0 |     0.9 |    34.69 |   1.2800 | [0, 42]  [MISSING seeds: [100, 1234, 5678]]
     3.0 |     1.0 |    33.28 |   1.0350 | [0, 42]  [MISSING seeds: [100, 1234, 5678]]
     5.0 |     0.1 |    10.22 |   0.0000 | [0]  [MISSING seeds: [42, 100, 1234, 5678]]
     5.0 |     0.2 |    17.58 |   0.0000 | [0]  [MISSING seeds: [42, 100, 1234, 5678]]
     5.0 |     0.3 |    26.74 |   0.0000 | [0]  [MISSING seeds: [42, 100, 1234, 5678]]
     5.0 |     0.4 |    37.19 |   0.0000 | [0]  [MISSING seeds: [42, 100, 1234, 5678]]
     5.0 |     0.5 |    37.69 |   0.0000 | [0]  [MISSING seeds: [42, 100, 1234, 5678]]
     5.0 |     0.6 |    36.84 |   0.0000 | [0]  [MISSING seeds: [42, 100, 1234, 5678]]
     5.0 |     0.7 |    34.85 |   0.0000 | [0]  [MISSING seeds: [42, 100, 1234, 5678]]
     5.0 |     0.8 |    35.08 |   0.0000 | [0]  [MISSING seeds: [42, 100, 1234, 5678]]
     5.0 |     0.9 |    30.25 |   0.0000 | [0]  [MISSING seeds: [42, 100, 1234, 5678]]
     5.0 |     1.0 |    33.00 |   0.0000 | [0]  [MISSING seeds: [42, 100, 1234, 5678]]
     7.0 |     0.1 |    10.09 |   0.0000 | [0]  [MISSING seeds: [42, 100, 1234, 5678]]
     7.0 |     0.2 |    12.78 |   0.0000 | [0]  [MISSING seeds: [42, 100, 1234, 5678]]
     7.0 |     0.3 |    13.82 |   0.0000 | [0]  [MISSING seeds: [42, 100, 1234, 5678]]
     7.0 |     0.4 |    18.49 |   0.0000 | [0]  [MISSING seeds: [42, 100, 1234, 5678]]
     7.0 |     0.5 |    23.62 |   0.0000 | [0]  [MISSING seeds: [42, 100, 1234, 5678]]
     7.0 |     0.6 |    19.90 |   0.0000 | [0]  [MISSING seeds: [42, 100, 1234, 5678]]
     7.0 |     0.7 |    14.07 |   0.0000 | [0]  [MISSING seeds: [42, 100, 1234, 5678]]
     7.0 |     0.8 |    27.52 |   0.0000 | [0]  [MISSING seeds: [42, 100, 1234, 5678]]
     7.0 |     0.9 |    22.97 |   0.0000 | [0]  [MISSING seeds: [42, 100, 1234, 5678]]
     7.0 |     1.0 |    27.36 |   0.0000 | [0]  [MISSING seeds: [42, 100, 1234, 5678]]

--- Budget = 2 ---
 Epsilon |  Lambda |  Avg Acc |  Std Acc | Seeds present
--------------------------------------------------------
     1.0 |     0.1 |    12.35 |   1.4000 | [0, 42]  [MISSING seeds: [100, 1234, 5678]]
     1.0 |     0.2 |    27.55 |   0.6450 | [0, 42]  [MISSING seeds: [100, 1234, 5678]]
     1.0 |     0.3 |    18.82 |   3.2050 | [0, 42]  [MISSING seeds: [100, 1234, 5678]]
     1.0 |     0.4 |    15.84 |   1.2700 | [0, 42]  [MISSING seeds: [100, 1234, 5678]]
     1.0 |     0.5 |    13.13 |   0.1700 | [0, 42]  [MISSING seeds: [100, 1234, 5678]]
     1.0 |     0.6 |    14.54 |   0.8700 | [0, 42]  [MISSING seeds: [100, 1234, 5678]]
     1.0 |     0.7 |    11.95 |   0.1600 | [0, 42]  [MISSING seeds: [100, 1234, 5678]]
     1.0 |     0.8 |    12.76 |   0.2800 | [0, 42]  [MISSING seeds: [100, 1234, 5678]]
     1.0 |     0.9 |    11.83 |   0.5600 | [0, 42]  [MISSING seeds: [100, 1234, 5678]]
     1.0 |     1.0 |    12.21 |   0.1900 | [0, 42]  [MISSING seeds: [100, 1234, 5678]]
     3.0 |     0.1 |    11.09 |   1.0050 | [0, 42]  [MISSING seeds: [100, 1234, 5678]]
     3.0 |     0.2 |    36.44 |  24.4750 | [0, 42]  [MISSING seeds: [100, 1234, 5678]]
     3.0 |     0.3 |    61.26 |   0.0600 | [0, 42]  [MISSING seeds: [100, 1234, 5678]]
     3.0 |     0.4 |    57.16 |   0.0950 | [0, 42]  [MISSING seeds: [100, 1234, 5678]]
     3.0 |     0.5 |    52.36 |   0.0000 | [0]  [MISSING seeds: [42, 100, 1234, 5678]]
     3.0 |     0.6 |    46.49 |   0.0000 | [0]  [MISSING seeds: [42, 100, 1234, 5678]]
     3.0 |     0.7 |    42.90 |   0.0000 | [0]  [MISSING seeds: [42, 100, 1234, 5678]]
     3.0 |     0.8 |    38.11 |   0.0000 | [0]  [MISSING seeds: [42, 100, 1234, 5678]]
     3.0 |     0.9 |    35.89 |   0.0000 | [0]  [MISSING seeds: [42, 100, 1234, 5678]]
     3.0 |     1.0 |    31.22 |   0.0000 | [0]  [MISSING seeds: [42, 100, 1234, 5678]]
     5.0 |     0.1 |    10.76 |   0.0000 | [0]  [MISSING seeds: [42, 100, 1234, 5678]]
     5.0 |     0.2 |    11.34 |   0.0000 | [0]  [MISSING seeds: [42, 100, 1234, 5678]]
     5.0 |     0.3 |    45.45 |   0.0000 | [0]  [MISSING seeds: [42, 100, 1234, 5678]]
     5.0 |     0.4 |    45.01 |   0.0000 | [0]  [MISSING seeds: [42, 100, 1234, 5678]]
     5.0 |     0.5 |    43.72 |   0.0000 | [0]  [MISSING seeds: [42, 100, 1234, 5678]]
     5.0 |     0.6 |    41.54 |   0.0000 | [0]  [MISSING seeds: [42, 100, 1234, 5678]]
     5.0 |     0.7 |    40.12 |   0.0000 | [0]  [MISSING seeds: [42, 100, 1234, 5678]]
     5.0 |     0.8 |    38.98 |   0.0000 | [0]  [MISSING seeds: [42, 100, 1234, 5678]]
     5.0 |     0.9 |    39.73 |   0.0000 | [0]  [MISSING seeds: [42, 100, 1234, 5678]]
     5.0 |     1.0 |    38.89 |   0.0000 | [0]  [MISSING seeds: [42, 100, 1234, 5678]]
     7.0 |     0.1 |    10.11 |   0.0000 | [0]  [MISSING seeds: [42, 100, 1234, 5678]]
     7.0 |     0.2 |    11.99 |   0.0000 | [0]  [MISSING seeds: [42, 100, 1234, 5678]]
     7.0 |     0.3 |    42.98 |   0.0000 | [0]  [MISSING seeds: [42, 100, 1234, 5678]]
     7.0 |     0.4 |    40.41 |   0.0000 | [0]  [MISSING seeds: [42, 100, 1234, 5678]]
     7.0 |     0.5 |    42.36 |   0.0000 | [0]  [MISSING seeds: [42, 100, 1234, 5678]]
     7.0 |     0.6 |    39.97 |   0.0000 | [0]  [MISSING seeds: [42, 100, 1234, 5678]]
     7.0 |     0.7 |    37.05 |   0.0000 | [0]  [MISSING seeds: [42, 100, 1234, 5678]]
     7.0 |     0.8 |    35.74 |   0.0000 | [0]  [MISSING seeds: [42, 100, 1234, 5678]]
     7.0 |     0.9 |    36.04 |   0.0000 | [0]  [MISSING seeds: [42, 100, 1234, 5678]]
     7.0 |     1.0 |    34.70 |   0.0000 | [0]  [MISSING seeds: [42, 100, 1234, 5678]]

[MISSING RESULTS for CIFAR10] Total combos missing seeds: 80
  eps=1.0, budget=1, lmbda=0.1: missing seeds [100, 1234, 5678]
  eps=1.0, budget=1, lmbda=0.2: missing seeds [100, 1234, 5678]
  eps=1.0, budget=1, lmbda=0.3: missing seeds [100, 1234, 5678]
  eps=1.0, budget=1, lmbda=0.4: missing seeds [100, 1234, 5678]
  eps=1.0, budget=1, lmbda=0.5: missing seeds [100, 1234, 5678]
  eps=1.0, budget=1, lmbda=0.6: missing seeds [100, 1234, 5678]
  eps=1.0, budget=1, lmbda=0.7: missing seeds [100, 1234, 5678]
  eps=1.0, budget=1, lmbda=0.8: missing seeds [100, 1234, 5678]
  eps=1.0, budget=1, lmbda=0.9: missing seeds [100, 1234, 5678]
  eps=1.0, budget=1, lmbda=1.0: missing seeds [100, 1234, 5678]
  eps=3.0, budget=1, lmbda=0.1: missing seeds [100, 1234, 5678]
  eps=3.0, budget=1, lmbda=0.2: missing seeds [100, 1234, 5678]
  eps=3.0, budget=1, lmbda=0.3: missing seeds [100, 1234, 5678]
  eps=3.0, budget=1, lmbda=0.4: missing seeds [100, 1234, 5678]
  eps=3.0, budget=1, lmbda=0.5: missing seeds [100, 1234, 5678]
  eps=3.0, budget=1, lmbda=0.6: missing seeds [100, 1234, 5678]
  eps=3.0, budget=1, lmbda=0.7: missing seeds [100, 1234, 5678]
  eps=3.0, budget=1, lmbda=0.8: missing seeds [100, 1234, 5678]
  eps=3.0, budget=1, lmbda=0.9: missing seeds [100, 1234, 5678]
  eps=3.0, budget=1, lmbda=1.0: missing seeds [100, 1234, 5678]
  eps=5.0, budget=1, lmbda=0.1: missing seeds [42, 100, 1234, 5678]
  eps=5.0, budget=1, lmbda=0.2: missing seeds [42, 100, 1234, 5678]
  eps=5.0, budget=1, lmbda=0.3: missing seeds [42, 100, 1234, 5678]
  eps=5.0, budget=1, lmbda=0.4: missing seeds [42, 100, 1234, 5678]
  eps=5.0, budget=1, lmbda=0.5: missing seeds [42, 100, 1234, 5678]
  eps=5.0, budget=1, lmbda=0.6: missing seeds [42, 100, 1234, 5678]
  eps=5.0, budget=1, lmbda=0.7: missing seeds [42, 100, 1234, 5678]
  eps=5.0, budget=1, lmbda=0.8: missing seeds [42, 100, 1234, 5678]
  eps=5.0, budget=1, lmbda=0.9: missing seeds [42, 100, 1234, 5678]
  eps=5.0, budget=1, lmbda=1.0: missing seeds [42, 100, 1234, 5678]
  eps=7.0, budget=1, lmbda=0.1: missing seeds [42, 100, 1234, 5678]
  eps=7.0, budget=1, lmbda=0.2: missing seeds [42, 100, 1234, 5678]
  eps=7.0, budget=1, lmbda=0.3: missing seeds [42, 100, 1234, 5678]
  eps=7.0, budget=1, lmbda=0.4: missing seeds [42, 100, 1234, 5678]
  eps=7.0, budget=1, lmbda=0.5: missing seeds [42, 100, 1234, 5678]
  eps=7.0, budget=1, lmbda=0.6: missing seeds [42, 100, 1234, 5678]
  eps=7.0, budget=1, lmbda=0.7: missing seeds [42, 100, 1234, 5678]
  eps=7.0, budget=1, lmbda=0.8: missing seeds [42, 100, 1234, 5678]
  eps=7.0, budget=1, lmbda=0.9: missing seeds [42, 100, 1234, 5678]
  eps=7.0, budget=1, lmbda=1.0: missing seeds [42, 100, 1234, 5678]
  eps=1.0, budget=2, lmbda=0.1: missing seeds [100, 1234, 5678]
  eps=1.0, budget=2, lmbda=0.2: missing seeds [100, 1234, 5678]
  eps=1.0, budget=2, lmbda=0.3: missing seeds [100, 1234, 5678]
  eps=1.0, budget=2, lmbda=0.4: missing seeds [100, 1234, 5678]
  eps=1.0, budget=2, lmbda=0.5: missing seeds [100, 1234, 5678]
  eps=1.0, budget=2, lmbda=0.6: missing seeds [100, 1234, 5678]
  eps=1.0, budget=2, lmbda=0.7: missing seeds [100, 1234, 5678]
  eps=1.0, budget=2, lmbda=0.8: missing seeds [100, 1234, 5678]
  eps=1.0, budget=2, lmbda=0.9: missing seeds [100, 1234, 5678]
  eps=1.0, budget=2, lmbda=1.0: missing seeds [100, 1234, 5678]
  eps=3.0, budget=2, lmbda=0.1: missing seeds [100, 1234, 5678]
  eps=3.0, budget=2, lmbda=0.2: missing seeds [100, 1234, 5678]
  eps=3.0, budget=2, lmbda=0.3: missing seeds [100, 1234, 5678]
  eps=3.0, budget=2, lmbda=0.4: missing seeds [100, 1234, 5678]
  eps=3.0, budget=2, lmbda=0.5: missing seeds [42, 100, 1234, 5678]
  eps=3.0, budget=2, lmbda=0.6: missing seeds [42, 100, 1234, 5678]
  eps=3.0, budget=2, lmbda=0.7: missing seeds [42, 100, 1234, 5678]
  eps=3.0, budget=2, lmbda=0.8: missing seeds [42, 100, 1234, 5678]
  eps=3.0, budget=2, lmbda=0.9: missing seeds [42, 100, 1234, 5678]
  eps=3.0, budget=2, lmbda=1.0: missing seeds [42, 100, 1234, 5678]
  eps=5.0, budget=2, lmbda=0.1: missing seeds [42, 100, 1234, 5678]
  eps=5.0, budget=2, lmbda=0.2: missing seeds [42, 100, 1234, 5678]
  eps=5.0, budget=2, lmbda=0.3: missing seeds [42, 100, 1234, 5678]
  eps=5.0, budget=2, lmbda=0.4: missing seeds [42, 100, 1234, 5678]
  eps=5.0, budget=2, lmbda=0.5: missing seeds [42, 100, 1234, 5678]
  eps=5.0, budget=2, lmbda=0.6: missing seeds [42, 100, 1234, 5678]
  eps=5.0, budget=2, lmbda=0.7: missing seeds [42, 100, 1234, 5678]
  eps=5.0, budget=2, lmbda=0.8: missing seeds [42, 100, 1234, 5678]
  eps=5.0, budget=2, lmbda=0.9: missing seeds [42, 100, 1234, 5678]
  eps=5.0, budget=2, lmbda=1.0: missing seeds [42, 100, 1234, 5678]
  eps=7.0, budget=2, lmbda=0.1: missing seeds [42, 100, 1234, 5678]
  eps=7.0, budget=2, lmbda=0.2: missing seeds [42, 100, 1234, 5678]
  eps=7.0, budget=2, lmbda=0.3: missing seeds [42, 100, 1234, 5678]
  eps=7.0, budget=2, lmbda=0.4: missing seeds [42, 100, 1234, 5678]
  eps=7.0, budget=2, lmbda=0.5: missing seeds [42, 100, 1234, 5678]
  eps=7.0, budget=2, lmbda=0.6: missing seeds [42, 100, 1234, 5678]
  eps=7.0, budget=2, lmbda=0.7: missing seeds [42, 100, 1234, 5678]
  eps=7.0, budget=2, lmbda=0.8: missing seeds [42, 100, 1234, 5678]
  eps=7.0, budget=2, lmbda=0.9: missing seeds [42, 100, 1234, 5678]
  eps=7.0, budget=2, lmbda=1.0: missing seeds [42, 100, 1234, 5678]

================================================================================
OVERALL: Found 306 / 400 expected results
Missing: 94
