[INFO] Resolved 399 duplicate file(s) (kept most-rounds, then most-recent).


================================================================================
  Method: CorQuant
================================================================================

  Dataset: CIFAR10  |  IID  |  N=50, T=100
  ----------------------------------------------------------------------

    [ lr=0.001 ]

      (no privacy budget)
             Lambda |  Avg Acc |      Std |  N/5 | Seeds present
        ----------------------------------------------------------------
              0.10 |    12.20 |   1.1132 |  5/5 | [0, 42, 100, 1234, 5678]
              0.20 |    52.36 |  19.7271 |  5/5 | [0, 42, 100, 1234, 5678]
              0.30 |    66.92 |   0.9289 |  5/5 | [0, 42, 100, 1234, 5678]
              0.40 |    69.03 |   0.3457 |  5/5 | [0, 42, 100, 1234, 5678]
              0.50 |    70.01 |   0.8340 |  5/5 | [0, 42, 100, 1234, 5678]
              0.60 |    71.04 |   0.8990 |  5/5 | [0, 42, 100, 1234, 5678]
              0.70 |    71.94 |   0.6485 |  5/5 | [0, 42, 100, 1234, 5678]
              0.80 |    73.05 |   1.1765 |  5/5 | [0, 42, 100, 1234, 5678]
              0.90 |    73.55 |   0.7070 |  5/5 | [0, 42, 100, 1234, 5678]
        ★     1.00 |    74.16 |   1.7707 |  5/5 | [0, 42, 100, 1234, 5678]

  Dataset: MNIST  |  IID  |  N=50, T=100
  ----------------------------------------------------------------------

    [ lr=0.001 ]

      (no privacy budget)
             Lambda |  Avg Acc |      Std |  N/5 | Seeds present
        ----------------------------------------------------------------
              0.10 |    96.70 |   0.1341 |  5/5 | [0, 42, 100, 1234, 5678]
              0.20 |    97.47 |   0.0589 |  5/5 | [0, 42, 100, 1234, 5678]
              0.30 |    97.78 |   0.0874 |  5/5 | [0, 42, 100, 1234, 5678]
              0.40 |    97.87 |   0.0768 |  5/5 | [0, 42, 100, 1234, 5678]
              0.50 |    97.97 |   0.0480 |  5/5 | [0, 42, 100, 1234, 5678]
              0.60 |    98.02 |   0.0383 |  5/5 | [0, 42, 100, 1234, 5678]
              0.70 |    98.02 |   0.0383 |  5/5 | [0, 42, 100, 1234, 5678]
              0.80 |    98.05 |   0.0920 |  5/5 | [0, 42, 100, 1234, 5678]
              0.90 |    98.08 |   0.0224 |  5/5 | [0, 42, 100, 1234, 5678]
        ★     1.00 |    98.11 |   0.0804 |  5/5 | [0, 42, 100, 1234, 5678]

================================================================================
  Method: CorbinFL
================================================================================

  Dataset: MNIST  |  IID  |  N=50, T=100
  ----------------------------------------------------------------------

    [ NR=5 | lr=0.001 ]

      epsilon = 0.1
             Lambda |  Avg Acc |      Std |  N/5 | Seeds present
        ----------------------------------------------------------------
        ★     0.10 |    93.13 |   0.5266 |  5/5 | [0, 42, 100, 1234, 5678]
              0.20 |    86.01 |   0.9099 |  5/5 | [0, 42, 100, 1234, 5678]
              0.30 |    79.73 |   2.4086 |  5/5 | [0, 42, 100, 1234, 5678]
              0.40 |    76.52 |   2.1164 |  5/5 | [0, 42, 100, 1234, 5678]
              0.50 |    71.64 |   2.8499 |  5/5 | [0, 42, 100, 1234, 5678]
              0.60 |    64.35 |   8.5018 |  5/5 | [0, 42, 100, 1234, 5678]
              0.70 |    58.65 |  11.1792 |  5/5 | [0, 42, 100, 1234, 5678]
              0.80 |    56.54 |   8.0516 |  5/5 | [0, 42, 100, 1234, 5678]
              0.90 |    49.56 |  10.2661 |  5/5 | [0, 42, 100, 1234, 5678]
              1.00 |    48.05 |   7.2306 |  5/5 | [0, 42, 100, 1234, 5678]

      epsilon = 0.3
             Lambda |  Avg Acc |      Std |  N/5 | Seeds present
        ----------------------------------------------------------------
        ★     0.10 |    96.50 |   0.0845 |  5/5 | [0, 42, 100, 1234, 5678]
              0.20 |    95.21 |   0.1939 |  5/5 | [0, 42, 100, 1234, 5678]
              0.30 |    93.18 |   0.4034 |  5/5 | [0, 42, 100, 1234, 5678]
              0.40 |    91.61 |   0.4365 |  5/5 | [0, 42, 100, 1234, 5678]
              0.50 |    89.08 |   0.9106 |  5/5 | [0, 42, 100, 1234, 5678]
              0.60 |    85.61 |   1.1119 |  5/5 | [0, 42, 100, 1234, 5678]
              0.70 |    82.28 |   1.3294 |  5/5 | [0, 42, 100, 1234, 5678]
              0.80 |    80.21 |   1.6769 |  5/5 | [0, 42, 100, 1234, 5678]
              0.90 |    77.60 |   5.4174 |  5/5 | [0, 42, 100, 1234, 5678]
              1.00 |    75.78 |   2.8842 |  5/5 | [0, 42, 100, 1234, 5678]

      epsilon = 1.0
             Lambda |  Avg Acc |      Std |  N/5 | Seeds present
        ----------------------------------------------------------------
              0.10 |    96.90 |   0.1130 |  5/5 | [0, 42, 100, 1234, 5678]
        ★     0.20 |    97.52 |   0.1350 |  5/5 | [0, 42, 100, 1234, 5678]
              0.30 |    97.35 |   0.1812 |  5/5 | [0, 42, 100, 1234, 5678]
              0.40 |    96.85 |   0.2002 |  5/5 | [0, 42, 100, 1234, 5678]
              0.50 |    96.41 |   0.1439 |  5/5 | [0, 42, 100, 1234, 5678]
              0.60 |    96.07 |   0.1580 |  5/5 | [0, 42, 100, 1234, 5678]
              0.70 |    95.55 |   0.3035 |  5/5 | [0, 42, 100, 1234, 5678]
              0.80 |    95.14 |   0.1510 |  5/5 | [0, 42, 100, 1234, 5678]
              0.90 |    94.85 |   0.2326 |  5/5 | [0, 42, 100, 1234, 5678]
              1.00 |    93.97 |   0.4762 |  5/5 | [0, 42, 100, 1234, 5678]

      epsilon = 3.0
             Lambda |  Avg Acc |      Std |  N/5 | Seeds present
        ----------------------------------------------------------------
              0.10 |    96.87 |   0.1326 |  5/5 | [0, 42, 100, 1234, 5678]
              0.20 |    97.67 |   0.1114 |  5/5 | [0, 42, 100, 1234, 5678]
              0.30 |    97.89 |   0.1396 |  5/5 | [0, 42, 100, 1234, 5678]
              0.40 |    97.98 |   0.1108 |  5/5 | [0, 42, 100, 1234, 5678]
        ★     0.50 |    97.99 |   0.1077 |  5/5 | [0, 42, 100, 1234, 5678]
              0.60 |    97.93 |   0.0331 |  5/5 | [0, 42, 100, 1234, 5678]
              0.70 |    97.79 |   0.1053 |  5/5 | [0, 42, 100, 1234, 5678]
              0.80 |    97.72 |   0.1728 |  5/5 | [0, 42, 100, 1234, 5678]
              0.90 |    97.65 |   0.1192 |  5/5 | [0, 42, 100, 1234, 5678]
              1.00 |    97.45 |   0.0392 |  5/5 | [0, 42, 100, 1234, 5678]

================================================================================
  Method: IMVU
================================================================================

  Dataset: CIFAR10  |  IID  |  N=50, T=100
  ----------------------------------------------------------------------

    [ b=1 | lr=0.001 ]

      epsilon = 1.0
             Lambda |  Avg Acc |      Std |  N/5 | Seeds present
        ----------------------------------------------------------------
              0.10 |    23.72 |   7.4284 |  5/5 | [0, 42, 100, 1234, 5678]
        ★     0.20 |    41.33 |   1.3955 |  5/5 | [0, 42, 100, 1234, 5678]
              0.30 |    31.19 |   2.1069 |  5/5 | [0, 42, 100, 1234, 5678]
              0.40 |    27.48 |   1.9370 |  5/5 | [0, 42, 100, 1234, 5678]
              0.50 |    19.61 |   1.4930 |  5/5 | [0, 42, 100, 1234, 5678]
              0.60 |    19.21 |   1.5110 |  5/5 | [0, 42, 100, 1234, 5678]
              0.70 |    17.81 |   0.3374 |  5/5 | [0, 42, 100, 1234, 5678]
              0.80 |    13.43 |   1.2693 |  5/5 | [0, 42, 100, 1234, 5678]
              0.90 |    12.63 |   0.9911 |  5/5 | [0, 42, 100, 1234, 5678]
              1.00 |    14.94 |   1.5743 |  5/5 | [0, 42, 100, 1234, 5678]

      epsilon = 3.0
             Lambda |  Avg Acc |      Std |  N/5 | Seeds present
        ----------------------------------------------------------------
              0.10 |    19.28 |  14.3253 |  5/5 | [0, 42, 100, 1234, 5678]
              0.20 |    61.94 |   1.0900 |  5/5 | [0, 42, 100, 1234, 5678]
        ★     0.30 |    64.96 |   1.6671 |  5/5 | [0, 42, 100, 1234, 5678]
              0.40 |    62.81 |   1.1853 |  5/5 | [0, 42, 100, 1234, 5678]
              0.50 |    57.99 |   0.8887 |  5/5 | [0, 42, 100, 1234, 5678]
              0.60 |    52.45 |   1.1452 |  5/5 | [0, 42, 100, 1234, 5678]
              0.70 |    49.15 |   1.4916 |  5/5 | [0, 42, 100, 1234, 5678]
              0.80 |    44.68 |   1.3469 |  5/5 | [0, 42, 100, 1234, 5678]
              0.90 |    42.82 |   1.1034 |  5/5 | [0, 42, 100, 1234, 5678]
              1.00 |    39.74 |   0.4950 |  5/5 | [0, 42, 100, 1234, 5678]

      epsilon = 5.0
             Lambda |  Avg Acc |      Std |  N/5 | Seeds present
        ----------------------------------------------------------------
              0.10 |    18.36 |  14.0792 |  5/5 | [0, 42, 100, 1234, 5678]
              0.20 |    51.20 |  18.9606 |  5/5 | [0, 42, 100, 1234, 5678]
              0.30 |    63.77 |   1.1184 |  5/5 | [0, 42, 100, 1234, 5678]
              0.40 |    67.34 |   1.5522 |  5/5 | [0, 42, 100, 1234, 5678]
        ★     0.50 |    68.17 |   3.0693 |  5/5 | [0, 42, 100, 1234, 5678]
              0.60 |    66.72 |   3.1202 |  5/5 | [0, 42, 100, 1234, 5678]
              0.70 |    64.58 |   1.6160 |  5/5 | [0, 42, 100, 1234, 5678]
              0.80 |    66.03 |   2.6063 |  5/5 | [0, 42, 100, 1234, 5678]
              0.90 |    63.54 |   1.6684 |  5/5 | [0, 42, 100, 1234, 5678]
              1.00 |    64.42 |   1.1584 |  5/5 | [0, 42, 100, 1234, 5678]

      epsilon = 7.0
             Lambda |  Avg Acc |      Std |  N/5 | Seeds present
        ----------------------------------------------------------------
              0.10 |    25.94 |  16.5740 |  5/5 | [0, 42, 100, 1234, 5678]
              0.20 |    60.45 |   0.9369 |  5/5 | [0, 42, 100, 1234, 5678]
              0.30 |    64.31 |   2.0434 |  5/5 | [0, 42, 100, 1234, 5678]
              0.40 |    67.74 |   1.1110 |  5/5 | [0, 42, 100, 1234, 5678]
              0.50 |    67.65 |   3.3359 |  5/5 | [0, 42, 100, 1234, 5678]
              0.60 |    68.40 |   2.9246 |  5/5 | [0, 42, 100, 1234, 5678]
              0.70 |    68.71 |   2.4771 |  5/5 | [0, 42, 100, 1234, 5678]
              0.80 |    67.94 |   1.6600 |  5/5 | [0, 42, 100, 1234, 5678]
        ★     0.90 |    68.76 |   2.2738 |  5/5 | [0, 42, 100, 1234, 5678]
              1.00 |    67.77 |   1.6341 |  5/5 | [0, 42, 100, 1234, 5678]

  Dataset: MNIST  |  IID  |  N=50, T=100
  ----------------------------------------------------------------------

    [ b=1 | lr=0.001 ]

      epsilon = 0.1
             Lambda |  Avg Acc |      Std |  N/5 | Seeds present
        ----------------------------------------------------------------
        ★     0.10 |    32.41 |   2.9825 |  5/5 | [0, 42, 100, 1234, 5678]
              0.20 |    24.13 |   3.9073 |  5/5 | [0, 42, 100, 1234, 5678]
              0.30 |    19.36 |   2.2814 |  5/5 | [0, 42, 100, 1234, 5678]
              0.40 |    18.74 |   1.4107 |  5/5 | [0, 42, 100, 1234, 5678]
              0.50 |    18.61 |   2.1469 |  5/5 | [0, 42, 100, 1234, 5678]
              0.60 |    18.99 |   1.2445 |  5/5 | [0, 42, 100, 1234, 5678]
              0.70 |    18.55 |   2.0414 |  5/5 | [0, 42, 100, 1234, 5678]
              0.80 |    17.57 |   2.5615 |  5/5 | [0, 42, 100, 1234, 5678]
              0.90 |    17.58 |   2.6513 |  5/5 | [0, 42, 100, 1234, 5678]
              1.00 |    17.55 |   2.6577 |  5/5 | [0, 42, 100, 1234, 5678]

      epsilon = 0.3
             Lambda |  Avg Acc |      Std |  N/5 | Seeds present
        ----------------------------------------------------------------
        ★     0.10 |    84.13 |   1.4446 |  5/5 | [0, 42, 100, 1234, 5678]
              0.20 |    71.84 |   1.2112 |  5/5 | [0, 42, 100, 1234, 5678]
              0.30 |    60.18 |   5.2532 |  5/5 | [0, 42, 100, 1234, 5678]
              0.40 |    55.86 |   6.3724 |  5/5 | [0, 42, 100, 1234, 5678]
              0.50 |    48.67 |   5.8620 |  5/5 | [0, 42, 100, 1234, 5678]
              0.60 |    42.50 |   7.8927 |  5/5 | [0, 42, 100, 1234, 5678]
              0.70 |    38.96 |   6.1752 |  5/5 | [0, 42, 100, 1234, 5678]
              0.80 |    35.63 |   4.7245 |  5/5 | [0, 42, 100, 1234, 5678]
              0.90 |    32.50 |   3.8161 |  5/5 | [0, 42, 100, 1234, 5678]
              1.00 |    29.81 |   3.8060 |  5/5 | [0, 42, 100, 1234, 5678]

      epsilon = 1.0
             Lambda |  Avg Acc |      Std |  N/5 | Seeds present
        ----------------------------------------------------------------
        ★     0.10 |    96.64 |   0.1559 |  5/5 | [0, 42, 100, 1234, 5678]
              0.20 |    95.88 |   0.1132 |  5/5 | [0, 42, 100, 1234, 5678]
              0.30 |    94.62 |   0.1854 |  5/5 | [0, 42, 100, 1234, 5678]
              0.40 |    93.15 |   0.4567 |  5/5 | [0, 42, 100, 1234, 5678]
              0.50 |    91.45 |   0.8027 |  5/5 | [0, 42, 100, 1234, 5678]
              0.60 |    89.32 |   0.9057 |  5/5 | [0, 42, 100, 1234, 5678]
              0.70 |    87.56 |   0.4848 |  5/5 | [0, 42, 100, 1234, 5678]
              0.80 |    85.91 |   1.4091 |  5/5 | [0, 42, 100, 1234, 5678]
              0.90 |    83.50 |   1.7331 |  5/5 | [0, 42, 100, 1234, 5678]
              1.00 |    81.36 |   1.1546 |  5/5 | [0, 42, 100, 1234, 5678]

      epsilon = 3.0
             Lambda |  Avg Acc |      Std |  N/5 | Seeds present
        ----------------------------------------------------------------
              0.10 |    97.03 |   0.1609 |  5/5 | [0, 42, 100, 1234, 5678]
              0.20 |    97.88 |   0.0773 |  5/5 | [0, 42, 100, 1234, 5678]
        ★     0.30 |    97.94 |   0.1624 |  5/5 | [0, 42, 100, 1234, 5678]
              0.40 |    97.79 |   0.1744 |  5/5 | [0, 42, 100, 1234, 5678]
              0.50 |    97.70 |   0.1466 |  5/5 | [0, 42, 100, 1234, 5678]
              0.60 |    97.46 |   0.1167 |  5/5 | [0, 42, 100, 1234, 5678]
              0.70 |    97.28 |   0.0981 |  5/5 | [0, 42, 100, 1234, 5678]
              0.80 |    96.99 |   0.0690 |  5/5 | [0, 42, 100, 1234, 5678]
              0.90 |    96.85 |   0.1284 |  5/5 | [0, 42, 100, 1234, 5678]
              1.00 |    96.82 |   0.1902 |  5/5 | [0, 42, 100, 1234, 5678]

================================================================================
  Method: PBM_PLDP
================================================================================

  Dataset: CIFAR10  |  IID  |  N=50, T=100
  ----------------------------------------------------------------------

    [ m=1 | lr=0.001 ]

      epsilon = 1.0
             Lambda |  Avg Acc |      Std |  N/5 | Seeds present
        ----------------------------------------------------------------
              0.10 |    23.90 |  11.4426 |  5/5 | [0, 42, 100, 1234, 5678]
        ★     0.20 |    42.33 |   0.7648 |  5/5 | [0, 42, 100, 1234, 5678]
              0.30 |    32.82 |   2.8180 |  5/5 | [0, 42, 100, 1234, 5678]
              0.40 |    23.09 |   2.0682 |  5/5 | [0, 42, 100, 1234, 5678]
              0.50 |    22.78 |   1.4106 |  5/5 | [0, 42, 100, 1234, 5678]
              0.60 |    17.24 |   1.8273 |  5/5 | [0, 42, 100, 1234, 5678]
              0.70 |    18.15 |   1.8452 |  5/5 | [0, 42, 100, 1234, 5678]
              0.80 |    15.71 |   2.2877 |  5/5 | [0, 42, 100, 1234, 5678]
              0.90 |    13.90 |   0.9409 |  5/5 | [0, 42, 100, 1234, 5678]
              1.00 |    12.97 |   1.2192 |  5/5 | [0, 42, 100, 1234, 5678]

      epsilon = 3.0
             Lambda |  Avg Acc |      Std |  N/5 | Seeds present
        ----------------------------------------------------------------
              0.10 |    12.56 |   1.9155 |  5/5 | [0, 42, 100, 1234, 5678]
              0.20 |    51.81 |  19.3904 |  5/5 | [0, 42, 100, 1234, 5678]
              0.30 |    64.54 |   0.3913 |  5/5 | [0, 42, 100, 1234, 5678]
        ★     0.40 |    64.89 |   1.4084 |  5/5 | [0, 42, 100, 1234, 5678]
              0.50 |    62.10 |   0.8012 |  5/5 | [0, 42, 100, 1234, 5678]
              0.60 |    56.68 |   1.1001 |  5/5 | [0, 42, 100, 1234, 5678]
              0.70 |    51.28 |   1.5830 |  5/5 | [0, 42, 100, 1234, 5678]
              0.80 |    46.92 |   0.4735 |  5/5 | [0, 42, 100, 1234, 5678]
              0.90 |    44.30 |   0.5584 |  5/5 | [0, 42, 100, 1234, 5678]
              1.00 |    41.18 |   1.1117 |  5/5 | [0, 42, 100, 1234, 5678]

      epsilon = 5.0
             Lambda |  Avg Acc |      Std |  N/5 | Seeds present
        ----------------------------------------------------------------
              0.10 |    12.14 |   1.9207 |  5/5 | [0, 42, 100, 1234, 5678]
              0.20 |    51.40 |  17.3563 |  5/5 | [0, 42, 100, 1234, 5678]
              0.30 |    65.30 |   0.8788 |  5/5 | [0, 42, 100, 1234, 5678]
              0.40 |    68.27 |   1.0696 |  5/5 | [0, 42, 100, 1234, 5678]
              0.50 |    68.15 |   1.5463 |  5/5 | [0, 42, 100, 1234, 5678]
        ★     0.60 |    68.77 |   1.2226 |  5/5 | [0, 42, 100, 1234, 5678]
              0.70 |    68.27 |   2.5317 |  5/5 | [0, 42, 100, 1234, 5678]
              0.80 |    68.54 |   1.5802 |  5/5 | [0, 42, 100, 1234, 5678]
              0.90 |    66.44 |   1.1493 |  5/5 | [0, 42, 100, 1234, 5678]
              1.00 |    66.88 |   1.1180 |  5/5 | [0, 42, 100, 1234, 5678]

      epsilon = 7.0
             Lambda |  Avg Acc |      Std |  N/5 | Seeds present
        ----------------------------------------------------------------
              0.10 |    13.04 |   2.6630 |  5/5 | [0, 42, 100, 1234, 5678]
              0.20 |    50.94 |  19.1904 |  5/5 | [0, 42, 100, 1234, 5678]
              0.30 |    66.44 |   0.2391 |  5/5 | [0, 42, 100, 1234, 5678]
              0.40 |    68.27 |   0.7398 |  5/5 | [0, 42, 100, 1234, 5678]
              0.50 |    69.06 |   1.0542 |  5/5 | [0, 42, 100, 1234, 5678]
              0.60 |    70.52 |   1.1738 |  5/5 | [0, 42, 100, 1234, 5678]
              0.70 |    70.45 |   1.9501 |  5/5 | [0, 42, 100, 1234, 5678]
              0.80 |    70.49 |   0.9538 |  5/5 | [0, 42, 100, 1234, 5678]
              0.90 |    71.72 |   1.6615 |  5/5 | [0, 42, 100, 1234, 5678]
        ★     1.00 |    72.38 |   1.2397 |  5/5 | [0, 42, 100, 1234, 5678]

    [ m=2 | lr=0.001 ]

      epsilon = 1.0
             Lambda |  Avg Acc |      Std |  N/5 | Seeds present
        ----------------------------------------------------------------
              0.10 |    12.35 |   1.4000 |  2/5 | [0, 42]  [missing: [100, 1234, 5678]]
        ★     0.20 |    27.55 |   0.6450 |  2/5 | [0, 42]  [missing: [100, 1234, 5678]]
              0.30 |    18.82 |   3.2050 |  2/5 | [0, 42]  [missing: [100, 1234, 5678]]
              0.40 |    15.84 |   1.2700 |  2/5 | [0, 42]  [missing: [100, 1234, 5678]]
              0.50 |    13.13 |   0.1700 |  2/5 | [0, 42]  [missing: [100, 1234, 5678]]
              0.60 |    14.54 |   0.8700 |  2/5 | [0, 42]  [missing: [100, 1234, 5678]]
              0.70 |    11.95 |   0.1600 |  2/5 | [0, 42]  [missing: [100, 1234, 5678]]
              0.80 |    12.76 |   0.2800 |  2/5 | [0, 42]  [missing: [100, 1234, 5678]]
              0.90 |    11.83 |   0.5600 |  2/5 | [0, 42]  [missing: [100, 1234, 5678]]
              1.00 |    12.21 |   0.1900 |  2/5 | [0, 42]  [missing: [100, 1234, 5678]]

      epsilon = 3.0
             Lambda |  Avg Acc |      Std |  N/5 | Seeds present
        ----------------------------------------------------------------
              0.10 |    11.09 |   1.0050 |  2/5 | [0, 42]  [missing: [100, 1234, 5678]]
              0.20 |    36.44 |  24.4750 |  2/5 | [0, 42]  [missing: [100, 1234, 5678]]
        ★     0.30 |    61.26 |   0.0600 |  2/5 | [0, 42]  [missing: [100, 1234, 5678]]
              0.40 |    57.36 |   0.2950 |  2/5 | [0, 42]  [missing: [100, 1234, 5678]]
              0.50 |    51.75 |   0.6150 |  2/5 | [0, 42]  [missing: [100, 1234, 5678]]
              0.60 |    45.62 |   0.8700 |  2/5 | [0, 42]  [missing: [100, 1234, 5678]]
              0.70 |    41.61 |   1.2900 |  2/5 | [0, 42]  [missing: [100, 1234, 5678]]
              0.80 |    37.41 |   0.6950 |  2/5 | [0, 42]  [missing: [100, 1234, 5678]]
              0.90 |    35.89 |   0.0050 |  2/5 | [0, 42]  [missing: [100, 1234, 5678]]
              1.00 |    32.13 |   0.9150 |  2/5 | [0, 42]  [missing: [100, 1234, 5678]]

      epsilon = 5.0
             Lambda |  Avg Acc |      Std |  N/5 | Seeds present
        ----------------------------------------------------------------
              0.10 |    10.93 |   0.1650 |  2/5 | [0, 42]  [missing: [100, 1234, 5678]]
              0.20 |    26.19 |  14.8450 |  2/5 | [0, 42]  [missing: [100, 1234, 5678]]
        ★     0.30 |    45.30 |   0.1550 |  2/5 | [0, 42]  [missing: [100, 1234, 5678]]
              0.40 |    45.27 |   0.2600 |  2/5 | [0, 42]  [missing: [100, 1234, 5678]]
              0.50 |    44.21 |   0.4900 |  2/5 | [0, 42]  [missing: [100, 1234, 5678]]
              0.60 |    42.62 |   1.0850 |  2/5 | [0, 42]  [missing: [100, 1234, 5678]]
              0.70 |    39.88 |   0.2350 |  2/5 | [0, 42]  [missing: [100, 1234, 5678]]
              0.80 |    39.44 |   0.4650 |  2/5 | [0, 42]  [missing: [100, 1234, 5678]]
              0.90 |    41.84 |   2.1100 |  2/5 | [0, 42]  [missing: [100, 1234, 5678]]
              1.00 |    37.04 |   1.8500 |  2/5 | [0, 42]  [missing: [100, 1234, 5678]]

      epsilon = 7.0
             Lambda |  Avg Acc |      Std |  N/5 | Seeds present
        ----------------------------------------------------------------
              0.10 |    10.11 |   0.0000 |  1/5 | [0]  [missing: [42, 100, 1234, 5678]]
              0.20 |    11.99 |   0.0000 |  1/5 | [0]  [missing: [42, 100, 1234, 5678]]
        ★     0.30 |    42.98 |   0.0000 |  1/5 | [0]  [missing: [42, 100, 1234, 5678]]
              0.40 |    40.41 |   0.0000 |  1/5 | [0]  [missing: [42, 100, 1234, 5678]]
              0.50 |    42.36 |   0.0000 |  1/5 | [0]  [missing: [42, 100, 1234, 5678]]
              0.60 |    39.97 |   0.0000 |  1/5 | [0]  [missing: [42, 100, 1234, 5678]]
              0.70 |    37.05 |   0.0000 |  1/5 | [0]  [missing: [42, 100, 1234, 5678]]
              0.80 |    35.74 |   0.0000 |  1/5 | [0]  [missing: [42, 100, 1234, 5678]]
              0.90 |    36.04 |   0.0000 |  1/5 | [0]  [missing: [42, 100, 1234, 5678]]
              1.00 |    34.70 |   0.0000 |  1/5 | [0]  [missing: [42, 100, 1234, 5678]]

  Dataset: MNIST  |  IID  |  N=50, T=100
  ----------------------------------------------------------------------

    [ m=1 | lr=0.001 ]

      epsilon = 0.1
             Lambda |  Avg Acc |      Std |  N/5 | Seeds present
        ----------------------------------------------------------------
        ★     0.10 |    29.77 |   5.5113 |  5/5 | [0, 42, 100, 1234, 5678]
              0.20 |    24.00 |   2.7830 |  5/5 | [0, 42, 100, 1234, 5678]
              0.30 |    20.62 |   2.9981 |  5/5 | [0, 42, 100, 1234, 5678]
              0.40 |    17.67 |   2.4109 |  5/5 | [0, 42, 100, 1234, 5678]
              0.50 |    18.20 |   1.2494 |  5/5 | [0, 42, 100, 1234, 5678]
              0.60 |    16.24 |   2.1462 |  5/5 | [0, 42, 100, 1234, 5678]
              0.70 |    18.85 |   2.7465 |  5/5 | [0, 42, 100, 1234, 5678]
              0.80 |    16.93 |   1.7269 |  5/5 | [0, 42, 100, 1234, 5678]
              0.90 |    16.86 |   1.7051 |  5/5 | [0, 42, 100, 1234, 5678]
              1.00 |    16.37 |   1.5243 |  5/5 | [0, 42, 100, 1234, 5678]

      epsilon = 0.3
             Lambda |  Avg Acc |      Std |  N/5 | Seeds present
        ----------------------------------------------------------------
        ★     0.10 |    85.33 |   0.8001 |  5/5 | [0, 42, 100, 1234, 5678]
              0.20 |    74.15 |   2.7341 |  5/5 | [0, 42, 100, 1234, 5678]
              0.30 |    60.75 |   2.7108 |  5/5 | [0, 42, 100, 1234, 5678]
              0.40 |    51.54 |   7.8126 |  5/5 | [0, 42, 100, 1234, 5678]
              0.50 |    45.45 |   2.9830 |  5/5 | [0, 42, 100, 1234, 5678]
              0.60 |    38.12 |   5.4291 |  5/5 | [0, 42, 100, 1234, 5678]
              0.70 |    34.05 |   5.5587 |  5/5 | [0, 42, 100, 1234, 5678]
              0.80 |    30.77 |   6.7707 |  5/5 | [0, 42, 100, 1234, 5678]
              0.90 |    28.93 |   6.7902 |  5/5 | [0, 42, 100, 1234, 5678]
              1.00 |    27.52 |   7.0202 |  5/5 | [0, 42, 100, 1234, 5678]

      epsilon = 1.0
             Lambda |  Avg Acc |      Std |  N/5 | Seeds present
        ----------------------------------------------------------------
        ★     0.10 |    96.78 |   0.1027 |  5/5 | [0, 42, 100, 1234, 5678]
              0.20 |    96.08 |   0.2183 |  5/5 | [0, 42, 100, 1234, 5678]
              0.30 |    94.66 |   0.2762 |  5/5 | [0, 42, 100, 1234, 5678]
              0.40 |    93.45 |   0.3682 |  5/5 | [0, 42, 100, 1234, 5678]
              0.50 |    91.04 |   0.7137 |  5/5 | [0, 42, 100, 1234, 5678]
              0.60 |    89.23 |   0.6788 |  5/5 | [0, 42, 100, 1234, 5678]
              0.70 |    88.14 |   0.9155 |  5/5 | [0, 42, 100, 1234, 5678]
              0.80 |    84.43 |   2.1516 |  5/5 | [0, 42, 100, 1234, 5678]
              0.90 |    82.79 |   1.1845 |  5/5 | [0, 42, 100, 1234, 5678]
              1.00 |    79.09 |   2.6584 |  5/5 | [0, 42, 100, 1234, 5678]

      epsilon = 3.0
             Lambda |  Avg Acc |      Std |  N/5 | Seeds present
        ----------------------------------------------------------------
              0.10 |    96.87 |   0.1371 |  5/5 | [0, 42, 100, 1234, 5678]
              0.20 |    97.57 |   0.1452 |  5/5 | [0, 42, 100, 1234, 5678]
              0.30 |    97.77 |   0.1044 |  5/5 | [0, 42, 100, 1234, 5678]
        ★     0.40 |    97.81 |   0.0863 |  5/5 | [0, 42, 100, 1234, 5678]
              0.50 |    97.62 |   0.0723 |  5/5 | [0, 42, 100, 1234, 5678]
              0.60 |    97.43 |   0.1274 |  5/5 | [0, 42, 100, 1234, 5678]
              0.70 |    97.40 |   0.1370 |  5/5 | [0, 42, 100, 1234, 5678]
              0.80 |    97.00 |   0.1550 |  5/5 | [0, 42, 100, 1234, 5678]
              0.90 |    96.85 |   0.1594 |  5/5 | [0, 42, 100, 1234, 5678]
              1.00 |    96.61 |   0.1997 |  5/5 | [0, 42, 100, 1234, 5678]

    [ m=2 | lr=0.001 ]

      epsilon = 0.1
             Lambda |  Avg Acc |      Std |  N/5 | Seeds present
        ----------------------------------------------------------------
        ★     0.10 |    21.53 |   3.9175 |  5/5 | [0, 42, 100, 1234, 5678]
              0.20 |    19.08 |   1.5503 |  5/5 | [0, 42, 100, 1234, 5678]
              0.30 |    17.72 |   1.6074 |  5/5 | [0, 42, 100, 1234, 5678]
              0.40 |    18.45 |   1.5135 |  5/5 | [0, 42, 100, 1234, 5678]
              0.50 |    17.50 |   1.5217 |  5/5 | [0, 42, 100, 1234, 5678]
              0.60 |    17.24 |   1.8998 |  5/5 | [0, 42, 100, 1234, 5678]
              0.70 |    16.14 |   2.1508 |  5/5 | [0, 42, 100, 1234, 5678]
              0.80 |    15.34 |   1.3445 |  5/5 | [0, 42, 100, 1234, 5678]
              0.90 |    15.39 |   1.6246 |  5/5 | [0, 42, 100, 1234, 5678]
              1.00 |    15.29 |   1.7719 |  5/5 | [0, 42, 100, 1234, 5678]

      epsilon = 0.3
             Lambda |  Avg Acc |      Std |  N/5 | Seeds present
        ----------------------------------------------------------------
        ★     0.10 |    74.28 |   3.8989 |  5/5 | [0, 42, 100, 1234, 5678]
              0.20 |    50.88 |   5.3067 |  5/5 | [0, 42, 100, 1234, 5678]
              0.30 |    37.60 |   6.3853 |  5/5 | [0, 42, 100, 1234, 5678]
              0.40 |    33.73 |   4.8920 |  5/5 | [0, 42, 100, 1234, 5678]
              0.50 |    28.42 |   6.7803 |  5/5 | [0, 42, 100, 1234, 5678]
              0.60 |    25.79 |   6.2166 |  5/5 | [0, 42, 100, 1234, 5678]
              0.70 |    23.24 |   5.1843 |  5/5 | [0, 42, 100, 1234, 5678]
              0.80 |    21.49 |   3.9355 |  5/5 | [0, 42, 100, 1234, 5678]
              0.90 |    19.36 |   3.1282 |  5/5 | [0, 42, 100, 1234, 5678]
              1.00 |    18.50 |   2.7898 |  5/5 | [0, 42, 100, 1234, 5678]

      epsilon = 1.0
             Lambda |  Avg Acc |      Std |  N/5 | Seeds present
        ----------------------------------------------------------------
        ★     0.10 |    95.94 |   0.1515 |  5/5 | [0, 42, 100, 1234, 5678]
              0.20 |    93.66 |   0.7040 |  5/5 | [0, 42, 100, 1234, 5678]
              0.30 |    89.37 |   1.0468 |  5/5 | [0, 42, 100, 1234, 5678]
              0.40 |    86.47 |   1.3688 |  5/5 | [0, 42, 100, 1234, 5678]
              0.50 |    82.77 |   0.8075 |  5/5 | [0, 42, 100, 1234, 5678]
              0.60 |    81.52 |   1.2978 |  5/5 | [0, 42, 100, 1234, 5678]
              0.70 |    75.29 |   2.7727 |  5/5 | [0, 42, 100, 1234, 5678]
              0.80 |    72.87 |   2.3389 |  5/5 | [0, 42, 100, 1234, 5678]
              0.90 |    67.51 |   5.3790 |  5/5 | [0, 42, 100, 1234, 5678]
              1.00 |    66.02 |   2.2235 |  5/5 | [0, 42, 100, 1234, 5678]

      epsilon = 3.0
             Lambda |  Avg Acc |      Std |  N/5 | Seeds present
        ----------------------------------------------------------------
              0.10 |    96.91 |   0.1713 |  5/5 | [0, 42, 100, 1234, 5678]
              0.20 |    97.55 |   0.0974 |  5/5 | [0, 42, 100, 1234, 5678]
        ★     0.30 |    97.57 |   0.1052 |  5/5 | [0, 42, 100, 1234, 5678]
              0.40 |    97.34 |   0.0713 |  5/5 | [0, 42, 100, 1234, 5678]
              0.50 |    96.94 |   0.0866 |  5/5 | [0, 42, 100, 1234, 5678]
              0.60 |    96.60 |   0.1091 |  5/5 | [0, 42, 100, 1234, 5678]
              0.70 |    96.13 |   0.1194 |  5/5 | [0, 42, 100, 1234, 5678]
              0.80 |    95.90 |   0.2125 |  5/5 | [0, 42, 100, 1234, 5678]
              0.90 |    95.47 |   0.1196 |  5/5 | [0, 42, 100, 1234, 5678]
              1.00 |    94.85 |   0.1534 |  5/5 | [0, 42, 100, 1234, 5678]

================================================================================
  Method: RQM
================================================================================

  Dataset: CIFAR10  |  IID  |  N=50, T=100
  ----------------------------------------------------------------------

    [ m=2, q=0.5 | lr=0.001 ]

      epsilon = 1.0
             Lambda |  Avg Acc |      Std |  N/5 | Seeds present
        ----------------------------------------------------------------
              0.10 |    20.10 |  10.5794 |  5/5 | [0, 42, 100, 1234, 5678]
        ★     0.20 |    41.52 |   1.2305 |  5/5 | [0, 42, 100, 1234, 5678]
              0.30 |    30.14 |   1.6737 |  5/5 | [0, 42, 100, 1234, 5678]
              0.40 |    26.74 |   0.7296 |  5/5 | [0, 42, 100, 1234, 5678]
              0.50 |    20.67 |   2.1274 |  5/5 | [0, 42, 100, 1234, 5678]
              0.60 |    19.41 |   1.8618 |  5/5 | [0, 42, 100, 1234, 5678]
              0.70 |    17.82 |   0.9868 |  5/5 | [0, 42, 100, 1234, 5678]
              0.80 |    14.07 |   1.1179 |  5/5 | [0, 42, 100, 1234, 5678]
              0.90 |    12.66 |   1.0432 |  5/5 | [0, 42, 100, 1234, 5678]
              1.00 |    14.12 |   1.2465 |  5/5 | [0, 42, 100, 1234, 5678]

      epsilon = 3.0
             Lambda |  Avg Acc |      Std |  N/5 | Seeds present
        ----------------------------------------------------------------
              0.10 |    16.62 |  10.0610 |  5/5 | [0, 42, 100, 1234, 5678]
              0.20 |    61.22 |   1.3678 |  5/5 | [0, 42, 100, 1234, 5678]
        ★     0.30 |    65.42 |   0.6017 |  5/5 | [0, 42, 100, 1234, 5678]
              0.40 |    63.85 |   1.6434 |  5/5 | [0, 42, 100, 1234, 5678]
              0.50 |    60.91 |   0.7551 |  5/5 | [0, 42, 100, 1234, 5678]
              0.60 |    56.69 |   0.6390 |  5/5 | [0, 42, 100, 1234, 5678]
              0.70 |    51.74 |   1.7610 |  5/5 | [0, 42, 100, 1234, 5678]
              0.80 |    47.12 |   0.9069 |  5/5 | [0, 42, 100, 1234, 5678]
              0.90 |    44.42 |   0.7115 |  5/5 | [0, 42, 100, 1234, 5678]
              1.00 |    40.34 |   1.0483 |  5/5 | [0, 42, 100, 1234, 5678]

      epsilon = 5.0
             Lambda |  Avg Acc |      Std |  N/5 | Seeds present
        ----------------------------------------------------------------
              0.10 |    12.28 |   2.1561 |  5/5 | [0, 42, 100, 1234, 5678]
              0.20 |    50.54 |  19.0632 |  5/5 | [0, 42, 100, 1234, 5678]
              0.30 |    65.97 |   0.6844 |  5/5 | [0, 42, 100, 1234, 5678]
              0.40 |    67.91 |   1.0932 |  5/5 | [0, 42, 100, 1234, 5678]
              0.50 |    68.07 |   0.8502 |  5/5 | [0, 42, 100, 1234, 5678]
              0.60 |    67.95 |   1.4662 |  5/5 | [0, 42, 100, 1234, 5678]
        ★     0.70 |    68.16 |   1.8747 |  5/5 | [0, 42, 100, 1234, 5678]
              0.80 |    67.04 |   1.7811 |  5/5 | [0, 42, 100, 1234, 5678]
              0.90 |    65.81 |   1.7859 |  5/5 | [0, 42, 100, 1234, 5678]
              1.00 |    65.87 |   1.4203 |  5/5 | [0, 42, 100, 1234, 5678]

      epsilon = 7.0
             Lambda |  Avg Acc |      Std |  N/5 | Seeds present
        ----------------------------------------------------------------
              0.10 |    12.50 |   1.9631 |  5/5 | [0, 42, 100, 1234, 5678]
              0.20 |    51.23 |  20.3126 |  5/5 | [0, 42, 100, 1234, 5678]
              0.30 |    65.92 |   0.7414 |  5/5 | [0, 42, 100, 1234, 5678]
              0.40 |    68.79 |   0.5741 |  5/5 | [0, 42, 100, 1234, 5678]
              0.50 |    68.70 |   1.2000 |  5/5 | [0, 42, 100, 1234, 5678]
              0.60 |    69.81 |   1.7552 |  5/5 | [0, 42, 100, 1234, 5678]
              0.70 |    70.85 |   1.3579 |  5/5 | [0, 42, 100, 1234, 5678]
        ★     0.80 |    71.89 |   1.0005 |  5/5 | [0, 42, 100, 1234, 5678]
              0.90 |    71.32 |   1.5450 |  5/5 | [0, 42, 100, 1234, 5678]
              1.00 |    71.10 |   0.9540 |  5/5 | [0, 42, 100, 1234, 5678]

  Dataset: MNIST  |  IID  |  N=50, T=100
  ----------------------------------------------------------------------

    [ m=2, q=0.5 | lr=0.001 ]

      epsilon = 0.1
             Lambda |  Avg Acc |      Std |  N/5 | Seeds present
        ----------------------------------------------------------------
        ★     0.10 |    32.04 |   2.9518 |  5/5 | [0, 42, 100, 1234, 5678]
              0.20 |    24.12 |   3.8854 |  5/5 | [0, 42, 100, 1234, 5678]
              0.30 |    19.68 |   2.1029 |  5/5 | [0, 42, 100, 1234, 5678]
              0.40 |    18.39 |   1.8328 |  5/5 | [0, 42, 100, 1234, 5678]
              0.50 |    18.22 |   2.2877 |  5/5 | [0, 42, 100, 1234, 5678]
              0.60 |    14.75 |   0.5650 |  5/5 | [0, 42, 100, 1234, 5678]
              0.70 |    17.32 |   0.5643 |  5/5 | [0, 42, 100, 1234, 5678]
              0.80 |    16.19 |   1.0968 |  5/5 | [0, 42, 100, 1234, 5678]
              0.90 |    16.57 |   1.8962 |  5/5 | [0, 42, 100, 1234, 5678]
              1.00 |    15.33 |   2.2432 |  5/5 | [0, 42, 100, 1234, 5678]

      epsilon = 0.3
             Lambda |  Avg Acc |      Std |  N/5 | Seeds present
        ----------------------------------------------------------------
        ★     0.10 |    84.39 |   1.9207 |  5/5 | [0, 42, 100, 1234, 5678]
              0.20 |    71.98 |   1.5383 |  5/5 | [0, 42, 100, 1234, 5678]
              0.30 |    60.17 |   5.6504 |  5/5 | [0, 42, 100, 1234, 5678]
              0.40 |    55.66 |   6.2480 |  5/5 | [0, 42, 100, 1234, 5678]
              0.50 |    48.80 |   5.7139 |  5/5 | [0, 42, 100, 1234, 5678]
              0.60 |    42.50 |   7.8883 |  5/5 | [0, 42, 100, 1234, 5678]
              0.70 |    38.95 |   6.1453 |  5/5 | [0, 42, 100, 1234, 5678]
              0.80 |    35.62 |   4.7111 |  5/5 | [0, 42, 100, 1234, 5678]
              0.90 |    32.41 |   3.8070 |  5/5 | [0, 42, 100, 1234, 5678]
              1.00 |    29.70 |   3.8052 |  5/5 | [0, 42, 100, 1234, 5678]

      epsilon = 0.5
             Lambda |  Avg Acc |      Std |  N/5 | Seeds present
        ----------------------------------------------------------------
        ★     0.10 |    93.44 |   0.0350 |  2/5 | [0, 42]  [missing: [100, 1234, 5678]]
              0.20 |    88.00 |   0.9350 |  2/5 | [0, 42]  [missing: [100, 1234, 5678]]
              0.30 |    80.70 |   0.4950 |  2/5 | [0, 42]  [missing: [100, 1234, 5678]]
              0.40 |    74.57 |   0.7400 |  2/5 | [0, 42]  [missing: [100, 1234, 5678]]
              0.50 |    73.86 |   2.2200 |  2/5 | [0, 42]  [missing: [100, 1234, 5678]]
              0.60 |    68.51 |   1.6100 |  2/5 | [0, 42]  [missing: [100, 1234, 5678]]
              0.70 |    65.56 |   1.8500 |  2/5 | [0, 42]  [missing: [100, 1234, 5678]]
              0.80 |    59.16 |   5.4000 |  2/5 | [0, 42]  [missing: [100, 1234, 5678]]
              0.90 |    53.76 |   7.8700 |  2/5 | [0, 42]  [missing: [100, 1234, 5678]]
              1.00 |    49.22 |   9.4600 |  2/5 | [0, 42]  [missing: [100, 1234, 5678]]

      epsilon = 1.0
             Lambda |  Avg Acc |      Std |  N/5 | Seeds present
        ----------------------------------------------------------------
        ★     0.10 |    96.62 |   0.1416 |  5/5 | [0, 42, 100, 1234, 5678]
              0.20 |    96.05 |   0.1650 |  5/5 | [0, 42, 100, 1234, 5678]
              0.30 |    94.64 |   0.2553 |  5/5 | [0, 42, 100, 1234, 5678]
              0.40 |    93.38 |   0.2410 |  5/5 | [0, 42, 100, 1234, 5678]
              0.50 |    91.29 |   0.6230 |  5/5 | [0, 42, 100, 1234, 5678]
              0.60 |    88.62 |   1.2265 |  5/5 | [0, 42, 100, 1234, 5678]
              0.70 |    87.49 |   0.6416 |  5/5 | [0, 42, 100, 1234, 5678]
              0.80 |    85.88 |   1.1322 |  5/5 | [0, 42, 100, 1234, 5678]
              0.90 |    83.55 |   1.7427 |  5/5 | [0, 42, 100, 1234, 5678]
              1.00 |    81.29 |   1.4774 |  5/5 | [0, 42, 100, 1234, 5678]

      epsilon = 3.0
             Lambda |  Avg Acc |      Std |  N/5 | Seeds present
        ----------------------------------------------------------------
              0.10 |    96.91 |   0.1455 |  5/5 | [0, 42, 100, 1234, 5678]
              0.20 |    97.68 |   0.1359 |  5/5 | [0, 42, 100, 1234, 5678]
        ★     0.30 |    97.85 |   0.1017 |  5/5 | [0, 42, 100, 1234, 5678]
              0.40 |    97.83 |   0.0852 |  5/5 | [0, 42, 100, 1234, 5678]
              0.50 |    97.64 |   0.1527 |  5/5 | [0, 42, 100, 1234, 5678]
              0.60 |    97.38 |   0.1223 |  5/5 | [0, 42, 100, 1234, 5678]
              0.70 |    97.12 |   0.2190 |  5/5 | [0, 42, 100, 1234, 5678]
              0.80 |    97.02 |   0.1202 |  5/5 | [0, 42, 100, 1234, 5678]
              0.90 |    96.78 |   0.1330 |  5/5 | [0, 42, 100, 1234, 5678]
              1.00 |    96.70 |   0.0926 |  5/5 | [0, 42, 100, 1234, 5678]

================================================================================
  SUMMARY
================================================================================
  Total result files loaded : 1790
  Unique experiment keys    : 1790
  Duplicates resolved       : 399

  Incomplete seed sets (50 lambda-row(s) missing at least one seed):
    PBM_PLDP | CIFAR10 | IID | N=50, T=100, m=2 | eps=1.0 | lmbda=0.10  ->  missing seeds [100, 1234, 5678]
    PBM_PLDP | CIFAR10 | IID | N=50, T=100, m=2 | eps=1.0 | lmbda=0.20  ->  missing seeds [100, 1234, 5678]
    PBM_PLDP | CIFAR10 | IID | N=50, T=100, m=2 | eps=1.0 | lmbda=0.30  ->  missing seeds [100, 1234, 5678]
    PBM_PLDP | CIFAR10 | IID | N=50, T=100, m=2 | eps=1.0 | lmbda=0.40  ->  missing seeds [100, 1234, 5678]
    PBM_PLDP | CIFAR10 | IID | N=50, T=100, m=2 | eps=1.0 | lmbda=0.50  ->  missing seeds [100, 1234, 5678]
    PBM_PLDP | CIFAR10 | IID | N=50, T=100, m=2 | eps=1.0 | lmbda=0.60  ->  missing seeds [100, 1234, 5678]
    PBM_PLDP | CIFAR10 | IID | N=50, T=100, m=2 | eps=1.0 | lmbda=0.70  ->  missing seeds [100, 1234, 5678]
    PBM_PLDP | CIFAR10 | IID | N=50, T=100, m=2 | eps=1.0 | lmbda=0.80  ->  missing seeds [100, 1234, 5678]
    PBM_PLDP | CIFAR10 | IID | N=50, T=100, m=2 | eps=1.0 | lmbda=0.90  ->  missing seeds [100, 1234, 5678]
    PBM_PLDP | CIFAR10 | IID | N=50, T=100, m=2 | eps=1.0 | lmbda=1.00  ->  missing seeds [100, 1234, 5678]
    PBM_PLDP | CIFAR10 | IID | N=50, T=100, m=2 | eps=3.0 | lmbda=0.10  ->  missing seeds [100, 1234, 5678]
    PBM_PLDP | CIFAR10 | IID | N=50, T=100, m=2 | eps=3.0 | lmbda=0.20  ->  missing seeds [100, 1234, 5678]
    PBM_PLDP | CIFAR10 | IID | N=50, T=100, m=2 | eps=3.0 | lmbda=0.30  ->  missing seeds [100, 1234, 5678]
    PBM_PLDP | CIFAR10 | IID | N=50, T=100, m=2 | eps=3.0 | lmbda=0.40  ->  missing seeds [100, 1234, 5678]
    PBM_PLDP | CIFAR10 | IID | N=50, T=100, m=2 | eps=3.0 | lmbda=0.50  ->  missing seeds [100, 1234, 5678]
    PBM_PLDP | CIFAR10 | IID | N=50, T=100, m=2 | eps=3.0 | lmbda=0.60  ->  missing seeds [100, 1234, 5678]
    PBM_PLDP | CIFAR10 | IID | N=50, T=100, m=2 | eps=3.0 | lmbda=0.70  ->  missing seeds [100, 1234, 5678]
    PBM_PLDP | CIFAR10 | IID | N=50, T=100, m=2 | eps=3.0 | lmbda=0.80  ->  missing seeds [100, 1234, 5678]
    PBM_PLDP | CIFAR10 | IID | N=50, T=100, m=2 | eps=3.0 | lmbda=0.90  ->  missing seeds [100, 1234, 5678]
    PBM_PLDP | CIFAR10 | IID | N=50, T=100, m=2 | eps=3.0 | lmbda=1.00  ->  missing seeds [100, 1234, 5678]
    PBM_PLDP | CIFAR10 | IID | N=50, T=100, m=2 | eps=5.0 | lmbda=0.10  ->  missing seeds [100, 1234, 5678]
    PBM_PLDP | CIFAR10 | IID | N=50, T=100, m=2 | eps=5.0 | lmbda=0.20  ->  missing seeds [100, 1234, 5678]
    PBM_PLDP | CIFAR10 | IID | N=50, T=100, m=2 | eps=5.0 | lmbda=0.30  ->  missing seeds [100, 1234, 5678]
    PBM_PLDP | CIFAR10 | IID | N=50, T=100, m=2 | eps=5.0 | lmbda=0.40  ->  missing seeds [100, 1234, 5678]
    PBM_PLDP | CIFAR10 | IID | N=50, T=100, m=2 | eps=5.0 | lmbda=0.50  ->  missing seeds [100, 1234, 5678]
    PBM_PLDP | CIFAR10 | IID | N=50, T=100, m=2 | eps=5.0 | lmbda=0.60  ->  missing seeds [100, 1234, 5678]
    PBM_PLDP | CIFAR10 | IID | N=50, T=100, m=2 | eps=5.0 | lmbda=0.70  ->  missing seeds [100, 1234, 5678]
    PBM_PLDP | CIFAR10 | IID | N=50, T=100, m=2 | eps=5.0 | lmbda=0.80  ->  missing seeds [100, 1234, 5678]
    PBM_PLDP | CIFAR10 | IID | N=50, T=100, m=2 | eps=5.0 | lmbda=0.90  ->  missing seeds [100, 1234, 5678]
    PBM_PLDP | CIFAR10 | IID | N=50, T=100, m=2 | eps=5.0 | lmbda=1.00  ->  missing seeds [100, 1234, 5678]
    PBM_PLDP | CIFAR10 | IID | N=50, T=100, m=2 | eps=7.0 | lmbda=0.10  ->  missing seeds [42, 100, 1234, 5678]
    PBM_PLDP | CIFAR10 | IID | N=50, T=100, m=2 | eps=7.0 | lmbda=0.20  ->  missing seeds [42, 100, 1234, 5678]
    PBM_PLDP | CIFAR10 | IID | N=50, T=100, m=2 | eps=7.0 | lmbda=0.30  ->  missing seeds [42, 100, 1234, 5678]
    PBM_PLDP | CIFAR10 | IID | N=50, T=100, m=2 | eps=7.0 | lmbda=0.40  ->  missing seeds [42, 100, 1234, 5678]
    PBM_PLDP | CIFAR10 | IID | N=50, T=100, m=2 | eps=7.0 | lmbda=0.50  ->  missing seeds [42, 100, 1234, 5678]
    PBM_PLDP | CIFAR10 | IID | N=50, T=100, m=2 | eps=7.0 | lmbda=0.60  ->  missing seeds [42, 100, 1234, 5678]
    PBM_PLDP | CIFAR10 | IID | N=50, T=100, m=2 | eps=7.0 | lmbda=0.70  ->  missing seeds [42, 100, 1234, 5678]
    PBM_PLDP | CIFAR10 | IID | N=50, T=100, m=2 | eps=7.0 | lmbda=0.80  ->  missing seeds [42, 100, 1234, 5678]
    PBM_PLDP | CIFAR10 | IID | N=50, T=100, m=2 | eps=7.0 | lmbda=0.90  ->  missing seeds [42, 100, 1234, 5678]
    PBM_PLDP | CIFAR10 | IID | N=50, T=100, m=2 | eps=7.0 | lmbda=1.00  ->  missing seeds [42, 100, 1234, 5678]
    RQM | MNIST | IID | N=50, T=100, m=2, q=0.5 | eps=0.5 | lmbda=0.10  ->  missing seeds [100, 1234, 5678]
    RQM | MNIST | IID | N=50, T=100, m=2, q=0.5 | eps=0.5 | lmbda=0.20  ->  missing seeds [100, 1234, 5678]
    RQM | MNIST | IID | N=50, T=100, m=2, q=0.5 | eps=0.5 | lmbda=0.30  ->  missing seeds [100, 1234, 5678]
    RQM | MNIST | IID | N=50, T=100, m=2, q=0.5 | eps=0.5 | lmbda=0.40  ->  missing seeds [100, 1234, 5678]
    RQM | MNIST | IID | N=50, T=100, m=2, q=0.5 | eps=0.5 | lmbda=0.50  ->  missing seeds [100, 1234, 5678]
    RQM | MNIST | IID | N=50, T=100, m=2, q=0.5 | eps=0.5 | lmbda=0.60  ->  missing seeds [100, 1234, 5678]
    RQM | MNIST | IID | N=50, T=100, m=2, q=0.5 | eps=0.5 | lmbda=0.70  ->  missing seeds [100, 1234, 5678]
    RQM | MNIST | IID | N=50, T=100, m=2, q=0.5 | eps=0.5 | lmbda=0.80  ->  missing seeds [100, 1234, 5678]
    RQM | MNIST | IID | N=50, T=100, m=2, q=0.5 | eps=0.5 | lmbda=0.90  ->  missing seeds [100, 1234, 5678]
    RQM | MNIST | IID | N=50, T=100, m=2, q=0.5 | eps=0.5 | lmbda=1.00  ->  missing seeds [100, 1234, 5678]
